0 info it worked if it ends with ok
1 verbose cli [ '/data/devkit-linux/node-v5.3.0-linux-x64/bin/node',
1 verbose cli   '/data/devkit-linux/node-v5.3.0-linux-x64/bin/npm',
1 verbose cli   'start' ]
2 info using npm@3.3.12
3 info using node@v5.3.0
4 verbose run-script [ 'prestart', 'start', 'poststart' ]
5 info lifecycle nodejsexample@1.0.0~prestart: nodejsexample@1.0.0
6 silly lifecycle nodejsexample@1.0.0~prestart: no script for prestart, continuing
7 info lifecycle nodejsexample@1.0.0~start: nodejsexample@1.0.0
8 verbose lifecycle nodejsexample@1.0.0~start: unsafe-perm in lifecycle true
9 verbose lifecycle nodejsexample@1.0.0~start: PATH: /data/devkit-linux/node-v5.3.0-linux-x64/lib/node_modules/npm/bin/node-gyp-bin:/data/git/projects/nodeJSExample/node_modules/.bin:/data/devkit-linux/jdk1.8.0_60/bin:/data/devkit-linux/node-v5.3.0-linux-x64/bin:/data/VSCode-linux-x64:/home/developer:/usr/local/bin:/usr/bin:/bin:/usr/local/games:/usr/games
10 verbose lifecycle nodejsexample@1.0.0~start: CWD: /data/git/projects/nodeJSExample
11 silly lifecycle nodejsexample@1.0.0~start: Args: [ '-c', 'node server.js' ]
12 silly lifecycle nodejsexample@1.0.0~start: Returned: code: 1  signal: null
13 info lifecycle nodejsexample@1.0.0~start: Failed to exec start script
14 verbose stack Error: nodejsexample@1.0.0 start: `node server.js`
14 verbose stack Exit status 1
14 verbose stack     at EventEmitter.<anonymous> (/data/devkit-linux/node-v5.3.0-linux-x64/lib/node_modules/npm/lib/utils/lifecycle.js:232:16)
14 verbose stack     at emitTwo (events.js:87:13)
14 verbose stack     at EventEmitter.emit (events.js:172:7)
14 verbose stack     at ChildProcess.<anonymous> (/data/devkit-linux/node-v5.3.0-linux-x64/lib/node_modules/npm/lib/utils/spawn.js:24:14)
14 verbose stack     at emitTwo (events.js:87:13)
14 verbose stack     at ChildProcess.emit (events.js:172:7)
14 verbose stack     at maybeClose (internal/child_process.js:818:16)
14 verbose stack     at Process.ChildProcess._handle.onexit (internal/child_process.js:211:5)
15 verbose pkgid nodejsexample@1.0.0
16 verbose cwd /data/git/projects/nodeJSExample
17 error Linux 3.16.0-4-amd64
18 error argv "/data/devkit-linux/node-v5.3.0-linux-x64/bin/node" "/data/devkit-linux/node-v5.3.0-linux-x64/bin/npm" "start"
19 error node v5.3.0
20 error npm  v3.3.12
21 error code ELIFECYCLE
22 error nodejsexample@1.0.0 start: `node server.js`
22 error Exit status 1
23 error Failed at the nodejsexample@1.0.0 start script 'node server.js'.
23 error Make sure you have the latest version of node.js and npm installed.
23 error If you do, this is most likely a problem with the nodejsexample package,
23 error not with npm itself.
23 error Tell the author that this fails on your system:
23 error     node server.js
23 error You can get their info via:
23 error     npm owner ls nodejsexample
23 error There is likely additional logging output above.
24 verbose exit [ 1, true ]
